<?xml version="1.0" encoding="UTF-8"?>
<coverage generated="1597410239530" clover="3.2.0">
  <project timestamp="1597410239530" name="All files">
    <metrics statements="91" coveredstatements="91" conditionals="30" coveredconditionals="28" methods="35" coveredmethods="35" elements="156" coveredelements="154" complexity="0" loc="91" ncloc="91" packages="5" files="10" classes="10"/>
    <package name="api">
      <metrics statements="13" coveredstatements="13" conditionals="0" coveredconditionals="0" methods="2" coveredmethods="2"/>
      <file name="apiConstants.js" path="/Users/hunterevanoff/projects/fe-code-challenge/api/apiConstants.js">
        <metrics statements="13" coveredstatements="13" conditionals="0" coveredconditionals="0" methods="2" coveredmethods="2"/>
        <line num="1" count="1" type="stmt"/>
        <line num="7" count="1" type="stmt"/>
        <line num="17" count="1" type="stmt"/>
        <line num="24" count="1" type="stmt"/>
        <line num="28" count="1" type="stmt"/>
        <line num="29" count="1" type="stmt"/>
        <line num="30" count="8" type="stmt"/>
        <line num="32" count="1" type="stmt"/>
        <line num="42" count="1" type="stmt"/>
        <line num="43" count="5" type="stmt"/>
        <line num="44" count="1" type="stmt"/>
        <line num="45" count="1" type="stmt"/>
        <line num="47" count="1" type="stmt"/>
      </file>
    </package>
    <package name="src.assets">
      <metrics statements="2" coveredstatements="2" conditionals="0" coveredconditionals="0" methods="2" coveredmethods="2"/>
      <file name="Flower.jsx" path="/Users/hunterevanoff/projects/fe-code-challenge/src/assets/Flower.jsx">
        <metrics statements="1" coveredstatements="1" conditionals="0" coveredconditionals="0" methods="1" coveredmethods="1"/>
        <line num="4" count="18" type="stmt"/>
      </file>
      <file name="ShoppingCart.jsx" path="/Users/hunterevanoff/projects/fe-code-challenge/src/assets/ShoppingCart.jsx">
        <metrics statements="1" coveredstatements="1" conditionals="0" coveredconditionals="0" methods="1" coveredmethods="1"/>
        <line num="4" count="18" type="stmt"/>
      </file>
    </package>
    <package name="src.js.components">
      <metrics statements="41" coveredstatements="41" conditionals="15" coveredconditionals="13" methods="18" coveredmethods="18"/>
      <file name="categoryHeader.js" path="/Users/hunterevanoff/projects/fe-code-challenge/src/js/components/categoryHeader.js">
        <metrics statements="6" coveredstatements="6" conditionals="0" coveredconditionals="0" methods="2" coveredmethods="2"/>
        <line num="6" count="1" type="stmt"/>
        <line num="7" count="1" type="stmt"/>
        <line num="8" count="1" type="stmt"/>
        <line num="11" count="1" type="stmt"/>
        <line num="13" count="1" type="stmt"/>
        <line num="22" count="1" type="stmt"/>
      </file>
      <file name="filter.js" path="/Users/hunterevanoff/projects/fe-code-challenge/src/js/components/filter.js">
        <metrics statements="28" coveredstatements="28" conditionals="13" coveredconditionals="11" methods="13" coveredmethods="13"/>
        <line num="8" count="1" type="stmt"/>
        <line num="9" count="21" type="stmt"/>
        <line num="10" count="21" type="stmt"/>
        <line num="13" count="1" type="stmt"/>
        <line num="15" count="34" type="stmt"/>
        <line num="16" count="34" type="stmt"/>
        <line num="17" count="34" type="stmt"/>
        <line num="20" count="34" type="stmt"/>
        <line num="21" count="11" type="stmt"/>
        <line num="25" count="34" type="stmt"/>
        <line num="26" count="1" type="stmt"/>
        <line num="29" count="34" type="stmt"/>
        <line num="30" count="3" type="stmt"/>
        <line num="31" count="3" type="stmt"/>
        <line num="37" count="34" type="stmt"/>
        <line num="38" count="2" type="cond" truecount="1" falsecount="1"/>
        <line num="39" count="2" type="cond" truecount="4" falsecount="1"/>
        <line num="40" count="2" type="stmt"/>
        <line num="46" count="34" type="stmt"/>
        <line num="47" count="34" type="stmt"/>
        <line num="48" count="34" type="stmt"/>
        <line num="51" count="34" type="stmt"/>
        <line num="56" count="1" type="stmt"/>
        <line num="58" count="10" type="stmt"/>
        <line num="63" count="170" type="stmt"/>
        <line num="64" count="3" type="stmt"/>
        <line num="72" count="1" type="stmt"/>
        <line num="83" count="1" type="stmt"/>
      </file>
      <file name="header.js" path="/Users/hunterevanoff/projects/fe-code-challenge/src/js/components/header.js">
        <metrics statements="7" coveredstatements="7" conditionals="2" coveredconditionals="2" methods="3" coveredmethods="3"/>
        <line num="9" count="1" type="stmt"/>
        <line num="10" count="18" type="stmt"/>
        <line num="11" count="18" type="stmt"/>
        <line num="14" count="1" type="stmt"/>
        <line num="16" count="35" type="stmt"/>
        <line num="18" count="18" type="stmt"/>
        <line num="40" count="1" type="stmt"/>
      </file>
    </package>
    <package name="src.js.utilities">
      <metrics statements="2" coveredstatements="2" conditionals="1" coveredconditionals="1" methods="2" coveredmethods="2"/>
      <file name="general.js" path="/Users/hunterevanoff/projects/fe-code-challenge/src/js/utilities/general.js">
        <metrics statements="2" coveredstatements="2" conditionals="1" coveredconditionals="1" methods="2" coveredmethods="2"/>
        <line num="1" count="2" type="cond" truecount="1" falsecount="0"/>
        <line num="3" count="1" type="stmt"/>
      </file>
    </package>
    <package name="src.redux">
      <metrics statements="33" coveredstatements="33" conditionals="14" coveredconditionals="14" methods="11" coveredmethods="11"/>
      <file name="actions.js" path="/Users/hunterevanoff/projects/fe-code-challenge/src/redux/actions.js">
        <metrics statements="12" coveredstatements="12" conditionals="0" coveredconditionals="0" methods="6" coveredmethods="6"/>
        <line num="1" count="3" type="stmt"/>
        <line num="2" count="3" type="stmt"/>
        <line num="3" count="3" type="stmt"/>
        <line num="4" count="3" type="stmt"/>
        <line num="5" count="3" type="stmt"/>
        <line num="6" count="3" type="stmt"/>
        <line num="9" count="1" type="stmt"/>
        <line num="13" count="1" type="stmt"/>
        <line num="17" count="14" type="stmt"/>
        <line num="21" count="1" type="stmt"/>
        <line num="25" count="1" type="stmt"/>
        <line num="29" count="5" type="stmt"/>
      </file>
      <file name="reducers.js" path="/Users/hunterevanoff/projects/fe-code-challenge/src/redux/reducers.js">
        <metrics statements="20" coveredstatements="20" conditionals="14" coveredconditionals="14" methods="5" coveredmethods="5"/>
        <line num="5" count="3" type="stmt"/>
        <line num="6" count="3" type="stmt"/>
        <line num="9" count="32" type="cond" truecount="6" falsecount="0"/>
        <line num="11" count="1" type="stmt"/>
        <line num="18" count="1" type="stmt"/>
        <line num="20" count="2" type="stmt"/>
        <line num="24" count="14" type="stmt"/>
        <line num="28" count="1" type="stmt"/>
        <line num="31" count="2" type="cond" truecount="2" falsecount="0"/>
        <line num="32" count="1" type="stmt"/>
        <line num="36" count="1" type="stmt"/>
        <line num="41" count="1" type="stmt"/>
        <line num="44" count="2" type="cond" truecount="2" falsecount="0"/>
        <line num="45" count="1" type="stmt"/>
        <line num="49" count="1" type="stmt"/>
        <line num="54" count="14" type="stmt"/>
        <line num="59" count="32" type="cond" truecount="2" falsecount="0"/>
        <line num="61" count="5" type="stmt"/>
        <line num="65" count="27" type="stmt"/>
        <line num="70" count="3" type="stmt"/>
      </file>
      <file name="store.js" path="/Users/hunterevanoff/projects/fe-code-challenge/src/redux/store.js">
        <metrics statements="1" coveredstatements="1" conditionals="0" coveredconditionals="0" methods="0" coveredmethods="0"/>
        <line num="4" count="3" type="stmt"/>
      </file>
    </package>
  </project>
</coverage>
