<?xml version="1.0" encoding="UTF-8"?>
<coverage generated="1597004673006" clover="3.2.0">
  <project timestamp="1597004673006" name="All files">
    <metrics statements="2" coveredstatements="2" conditionals="1" coveredconditionals="1" methods="2" coveredmethods="2" elements="5" coveredelements="5" complexity="0" loc="2" ncloc="2" packages="1" files="1" classes="1"/>
    <file name="general.js" path="/Users/hunterevanoff/projects/fe-code-challenge/src/js/utilities/general.js">
      <metrics statements="2" coveredstatements="2" conditionals="1" coveredconditionals="1" methods="2" coveredmethods="2"/>
      <line num="1" count="2" type="cond" truecount="1" falsecount="0"/>
      <line num="3" count="1" type="stmt"/>
    </file>
  </project>
</coverage>
