{"/Users/hunterevanoff/projects/fe-code-challenge/api/apiConstants.js": {"path":"/Users/hunterevanoff/projects/fe-code-challenge/api/apiConstants.js","statementMap":{"0":{"start":{"line":1,"column":30},"end":{"line":6,"column":1}},"1":{"start":{"line":7,"column":36},"end":{"line":16,"column":1}},"2":{"start":{"line":17,"column":33},"end":{"line":23,"column":1}},"3":{"start":{"line":24,"column":23},"end":{"line":27,"column":1}},"4":{"start":{"line":28,"column":30},"end":{"line":28,"column":51}},"5":{"start":{"line":29,"column":28},"end":{"line":31,"column":1}},"6":{"start":{"line":30,"column":2},"end":{"line":30,"column":17}},"7":{"start":{"line":32,"column":22},"end":{"line":41,"column":1}},"8":{"start":{"line":42,"column":23},"end":{"line":42,"column":76}},"9":{"start":{"line":43,"column":25},"end":{"line":43,"column":75}},"10":{"start":{"line":43,"column":59},"end":{"line":43,"column":74}},"11":{"start":{"line":44,"column":21},"end":{"line":44,"column":52}},"12":{"start":{"line":45,"column":34},"end":{"line":45,"column":55}},"13":{"start":{"line":47,"column":0},"end":{"line":59,"column":2}}},"fnMap":{"0":{"name":"(anonymous_0)","decl":{"start":{"line":29,"column":60},"end":{"line":29,"column":61}},"loc":{"start":{"line":30,"column":2},"end":{"line":30,"column":17}},"line":30},"1":{"name":"(anonymous_1)","decl":{"start":{"line":43,"column":54},"end":{"line":43,"column":55}},"loc":{"start":{"line":43,"column":59},"end":{"line":43,"column":74}},"line":43}},"branchMap":{},"s":{"0":1,"1":1,"2":1,"3":1,"4":1,"5":1,"6":8,"7":1,"8":1,"9":1,"10":5,"11":1,"12":1,"13":1},"f":{"0":8,"1":5},"b":{},"_coverageSchema":"1a1c01bbd47fc00a2c39e90264f33305004495a9","hash":"732892f769e234063229d2b60692d0c9eb17ff8c"}
,"/Users/hunterevanoff/projects/fe-code-challenge/src/assets/Flower.jsx": {"path":"/Users/hunterevanoff/projects/fe-code-challenge/src/assets/Flower.jsx","statementMap":{"0":{"start":{"line":4,"column":2},"end":{"line":3502,"column":4}}},"fnMap":{"0":{"name":"Flower","decl":{"start":{"line":3,"column":9},"end":{"line":3,"column":15}},"loc":{"start":{"line":3,"column":23},"end":{"line":3503,"column":1}},"line":3}},"branchMap":{},"s":{"0":6},"f":{"0":6},"b":{},"_coverageSchema":"1a1c01bbd47fc00a2c39e90264f33305004495a9","hash":"7dedcaae938eef27cf48f922a62aa47c4906ea59"}
,"/Users/hunterevanoff/projects/fe-code-challenge/src/assets/ShoppingCart.jsx": {"path":"/Users/hunterevanoff/projects/fe-code-challenge/src/assets/ShoppingCart.jsx","statementMap":{"0":{"start":{"line":4,"column":2},"end":{"line":10,"column":4}}},"fnMap":{"0":{"name":"ShoppingCart","decl":{"start":{"line":3,"column":9},"end":{"line":3,"column":21}},"loc":{"start":{"line":3,"column":29},"end":{"line":11,"column":1}},"line":3}},"branchMap":{},"s":{"0":6},"f":{"0":6},"b":{},"_coverageSchema":"1a1c01bbd47fc00a2c39e90264f33305004495a9","hash":"e3c50c6781244af0929cac9c58156f3a76db4dd0"}
,"/Users/hunterevanoff/projects/fe-code-challenge/src/js/components/categoryHeader.js": {"path":"/Users/hunterevanoff/projects/fe-code-challenge/src/js/components/categoryHeader.js","statementMap":{"0":{"start":{"line":5,"column":23},"end":{"line":12,"column":1}},"1":{"start":{"line":7,"column":2},"end":{"line":11,"column":4}},"2":{"start":{"line":16,"column":0},"end":{"line":21,"column":2}}},"fnMap":{"0":{"name":"(anonymous_0)","decl":{"start":{"line":5,"column":23},"end":{"line":5,"column":24}},"loc":{"start":{"line":5,"column":41},"end":{"line":12,"column":1}},"line":5}},"branchMap":{},"s":{"0":1,"1":1,"2":1},"f":{"0":1},"b":{},"_coverageSchema":"1a1c01bbd47fc00a2c39e90264f33305004495a9","hash":"dfef3c0eef492eb348f0897aec93c9fff0a124c4"}
,"/Users/hunterevanoff/projects/fe-code-challenge/src/js/components/filter.js": {"path":"/Users/hunterevanoff/projects/fe-code-challenge/src/js/components/filter.js","statementMap":{"0":{"start":{"line":6,"column":15},"end":{"line":51,"column":1}},"1":{"start":{"line":8,"column":46},"end":{"line":8,"column":61}},"2":{"start":{"line":9,"column":20},"end":{"line":9,"column":28}},"3":{"start":{"line":11,"column":23},"end":{"line":13,"column":3}},"4":{"start":{"line":12,"column":4},"end":{"line":12,"column":39}},"5":{"start":{"line":15,"column":25},"end":{"line":18,"column":3}},"6":{"start":{"line":16,"column":4},"end":{"line":16,"column":29}},"7":{"start":{"line":17,"column":4},"end":{"line":17,"column":29}},"8":{"start":{"line":20,"column":29},"end":{"line":26,"column":3}},"9":{"start":{"line":21,"column":4},"end":{"line":25,"column":5}},"10":{"start":{"line":22,"column":6},"end":{"line":24,"column":7}},"11":{"start":{"line":23,"column":8},"end":{"line":23,"column":33}},"12":{"start":{"line":28,"column":2},"end":{"line":31,"column":5}},"13":{"start":{"line":29,"column":4},"end":{"line":29,"column":63}},"14":{"start":{"line":30,"column":4},"end":{"line":30,"column":79}},"15":{"start":{"line":30,"column":17},"end":{"line":30,"column":78}},"16":{"start":{"line":33,"column":2},"end":{"line":50,"column":4}},"17":{"start":{"line":37,"column":58},"end":{"line":37,"column":72}},"18":{"start":{"line":40,"column":12},"end":{"line":42,"column":14}},"19":{"start":{"line":41,"column":75},"end":{"line":41,"column":99}},"20":{"start":{"line":55,"column":0},"end":{"line":57,"column":2}}},"fnMap":{"0":{"name":"(anonymous_0)","decl":{"start":{"line":6,"column":15},"end":{"line":6,"column":16}},"loc":{"start":{"line":6,"column":36},"end":{"line":51,"column":1}},"line":6},"1":{"name":"(anonymous_1)","decl":{"start":{"line":11,"column":23},"end":{"line":11,"column":24}},"loc":{"start":{"line":11,"column":29},"end":{"line":13,"column":3}},"line":11},"2":{"name":"(anonymous_2)","decl":{"start":{"line":15,"column":25},"end":{"line":15,"column":26}},"loc":{"start":{"line":15,"column":42},"end":{"line":18,"column":3}},"line":15},"3":{"name":"(anonymous_3)","decl":{"start":{"line":20,"column":29},"end":{"line":20,"column":30}},"loc":{"start":{"line":20,"column":34},"end":{"line":26,"column":3}},"line":20},"4":{"name":"(anonymous_4)","decl":{"start":{"line":28,"column":12},"end":{"line":28,"column":13}},"loc":{"start":{"line":28,"column":18},"end":{"line":31,"column":3}},"line":28},"5":{"name":"(anonymous_5)","decl":{"start":{"line":30,"column":11},"end":{"line":30,"column":12}},"loc":{"start":{"line":30,"column":17},"end":{"line":30,"column":78}},"line":30},"6":{"name":"(anonymous_6)","decl":{"start":{"line":37,"column":52},"end":{"line":37,"column":53}},"loc":{"start":{"line":37,"column":58},"end":{"line":37,"column":72}},"line":37},"7":{"name":"(anonymous_7)","decl":{"start":{"line":39,"column":30},"end":{"line":39,"column":31}},"loc":{"start":{"line":39,"column":51},"end":{"line":43,"column":11}},"line":39},"8":{"name":"(anonymous_8)","decl":{"start":{"line":41,"column":69},"end":{"line":41,"column":70}},"loc":{"start":{"line":41,"column":75},"end":{"line":41,"column":99}},"line":41}},"branchMap":{"0":{"loc":{"start":{"line":21,"column":4},"end":{"line":25,"column":5}},"type":"if","locations":[{"start":{"line":21,"column":4},"end":{"line":25,"column":5}},{"start":{"line":21,"column":4},"end":{"line":25,"column":5}}],"line":21},"1":{"loc":{"start":{"line":22,"column":6},"end":{"line":24,"column":7}},"type":"if","locations":[{"start":{"line":22,"column":6},"end":{"line":24,"column":7}},{"start":{"line":22,"column":6},"end":{"line":24,"column":7}}],"line":22},"2":{"loc":{"start":{"line":38,"column":9},"end":{"line":46,"column":12}},"type":"cond-expr","locations":[{"start":{"line":38,"column":26},"end":{"line":44,"column":13}},{"start":{"line":46,"column":10},"end":{"line":46,"column":12}}],"line":38}},"s":{"0":1,"1":12,"2":12,"3":12,"4":5,"5":12,"6":2,"7":2,"8":12,"9":0,"10":0,"11":0,"12":12,"13":10,"14":10,"15":10,"16":12,"17":5,"18":85,"19":2,"20":1},"f":{"0":12,"1":5,"2":2,"3":0,"4":10,"5":10,"6":5,"7":85,"8":2},"b":{"0":[0,0],"1":[0,0],"2":[5,7]},"_coverageSchema":"1a1c01bbd47fc00a2c39e90264f33305004495a9","hash":"32630719398e90339c4a8b3e846baca310946b8c"}
,"/Users/hunterevanoff/projects/fe-code-challenge/src/js/components/header.js": {"path":"/Users/hunterevanoff/projects/fe-code-challenge/src/js/components/header.js","statementMap":{"0":{"start":{"line":9,"column":24},"end":{"line":12,"column":1}},"1":{"start":{"line":10,"column":24},"end":{"line":10,"column":39}},"2":{"start":{"line":11,"column":2},"end":{"line":11,"column":23}},"3":{"start":{"line":14,"column":15},"end":{"line":36,"column":1}},"4":{"start":{"line":16,"column":19},"end":{"line":16,"column":63}},"5":{"start":{"line":16,"column":45},"end":{"line":16,"column":59}},"6":{"start":{"line":18,"column":2},"end":{"line":35,"column":4}},"7":{"start":{"line":40,"column":0},"end":{"line":54,"column":2}}},"fnMap":{"0":{"name":"(anonymous_0)","decl":{"start":{"line":9,"column":24},"end":{"line":9,"column":25}},"loc":{"start":{"line":9,"column":33},"end":{"line":12,"column":1}},"line":9},"1":{"name":"(anonymous_1)","decl":{"start":{"line":14,"column":15},"end":{"line":14,"column":16}},"loc":{"start":{"line":14,"column":42},"end":{"line":36,"column":1}},"line":14},"2":{"name":"(anonymous_2)","decl":{"start":{"line":16,"column":36},"end":{"line":16,"column":37}},"loc":{"start":{"line":16,"column":45},"end":{"line":16,"column":59}},"line":16}},"branchMap":{"0":{"loc":{"start":{"line":31,"column":11},"end":{"line":31,"column":85}},"type":"cond-expr","locations":[{"start":{"line":31,"column":26},"end":{"line":31,"column":78}},{"start":{"line":31,"column":81},"end":{"line":31,"column":85}}],"line":31}},"s":{"0":1,"1":6,"2":6,"3":1,"4":6,"5":0,"6":6,"7":1},"f":{"0":6,"1":6,"2":0},"b":{"0":[0,6]},"_coverageSchema":"1a1c01bbd47fc00a2c39e90264f33305004495a9","hash":"4cf20844504b19090b273fbd8ec9fed641c84696"}
,"/Users/hunterevanoff/projects/fe-code-challenge/src/js/utilities/general.js": {"path":"/Users/hunterevanoff/projects/fe-code-challenge/src/js/utilities/general.js","statementMap":{"0":{"start":{"line":1,"column":18},"end":{"line":1,"column":85}},"1":{"start":{"line":1,"column":36},"end":{"line":1,"column":85}},"2":{"start":{"line":3,"column":15},"end":{"line":5,"column":15}},"3":{"start":{"line":3,"column":21},"end":{"line":5,"column":15}}},"fnMap":{"0":{"name":"(anonymous_0)","decl":{"start":{"line":1,"column":18},"end":{"line":1,"column":19}},"loc":{"start":{"line":1,"column":36},"end":{"line":1,"column":85}},"line":1},"1":{"name":"(anonymous_1)","decl":{"start":{"line":3,"column":15},"end":{"line":3,"column":16}},"loc":{"start":{"line":3,"column":21},"end":{"line":5,"column":15}},"line":3}},"branchMap":{"0":{"loc":{"start":{"line":1,"column":24},"end":{"line":1,"column":31}},"type":"default-arg","locations":[{"start":{"line":1,"column":30},"end":{"line":1,"column":31}}],"line":1}},"s":{"0":1,"1":2,"2":1,"3":1},"f":{"0":2,"1":1},"b":{"0":[1]},"_coverageSchema":"1a1c01bbd47fc00a2c39e90264f33305004495a9","hash":"0102342e49afe1644acefb5d175b74e0b5beb67f"}
,"/Users/hunterevanoff/projects/fe-code-challenge/src/redux/actions.js": {"path":"/Users/hunterevanoff/projects/fe-code-challenge/src/redux/actions.js","statementMap":{"0":{"start":{"line":1,"column":29},"end":{"line":1,"column":44}},"1":{"start":{"line":2,"column":32},"end":{"line":2,"column":50}},"2":{"start":{"line":3,"column":24},"end":{"line":3,"column":34}},"3":{"start":{"line":4,"column":33},"end":{"line":4,"column":52}},"4":{"start":{"line":5,"column":38},"end":{"line":5,"column":62}},"5":{"start":{"line":8,"column":2},"end":{"line":8,"column":38}},"6":{"start":{"line":12,"column":2},"end":{"line":12,"column":38}},"7":{"start":{"line":16,"column":2},"end":{"line":16,"column":33}},"8":{"start":{"line":20,"column":2},"end":{"line":20,"column":49}},"9":{"start":{"line":24,"column":2},"end":{"line":24,"column":54}}},"fnMap":{"0":{"name":"addCartItem","decl":{"start":{"line":7,"column":16},"end":{"line":7,"column":27}},"loc":{"start":{"line":7,"column":35},"end":{"line":9,"column":1}},"line":7},"1":{"name":"removeCartItem","decl":{"start":{"line":11,"column":16},"end":{"line":11,"column":30}},"loc":{"start":{"line":11,"column":35},"end":{"line":13,"column":1}},"line":11},"2":{"name":"setCart","decl":{"start":{"line":15,"column":16},"end":{"line":15,"column":23}},"loc":{"start":{"line":15,"column":31},"end":{"line":17,"column":1}},"line":15},"3":{"name":"addItemQuantity","decl":{"start":{"line":19,"column":16},"end":{"line":19,"column":31}},"loc":{"start":{"line":19,"column":46},"end":{"line":21,"column":1}},"line":19},"4":{"name":"subtractItemQuantity","decl":{"start":{"line":23,"column":16},"end":{"line":23,"column":36}},"loc":{"start":{"line":23,"column":51},"end":{"line":25,"column":1}},"line":23}},"branchMap":{},"s":{"0":1,"1":1,"2":1,"3":1,"4":1,"5":0,"6":0,"7":0,"8":0,"9":0},"f":{"0":0,"1":0,"2":0,"3":0,"4":0},"b":{},"_coverageSchema":"1a1c01bbd47fc00a2c39e90264f33305004495a9","hash":"0ea1ce5999ac451a98f587f97f197838a6902a04"}
,"/Users/hunterevanoff/projects/fe-code-challenge/src/redux/reducers.js": {"path":"/Users/hunterevanoff/projects/fe-code-challenge/src/redux/reducers.js","statementMap":{"0":{"start":{"line":5,"column":21},"end":{"line":5,"column":38}},"1":{"start":{"line":8,"column":2},"end":{"line":54,"column":3}},"2":{"start":{"line":10,"column":4},"end":{"line":15,"column":7}},"3":{"start":{"line":17,"column":4},"end":{"line":21,"column":7}},"4":{"start":{"line":19,"column":42},"end":{"line":19,"column":63}},"5":{"start":{"line":23,"column":4},"end":{"line":25,"column":7}},"6":{"start":{"line":27,"column":4},"end":{"line":38,"column":7}},"7":{"start":{"line":30,"column":10},"end":{"line":34,"column":11}},"8":{"start":{"line":31,"column":12},"end":{"line":33,"column":15}},"9":{"start":{"line":35,"column":10},"end":{"line":35,"column":22}},"10":{"start":{"line":40,"column":4},"end":{"line":51,"column":7}},"11":{"start":{"line":43,"column":10},"end":{"line":47,"column":11}},"12":{"start":{"line":44,"column":12},"end":{"line":46,"column":15}},"13":{"start":{"line":48,"column":10},"end":{"line":48,"column":22}},"14":{"start":{"line":53,"column":4},"end":{"line":53,"column":17}},"15":{"start":{"line":57,"column":19},"end":{"line":59,"column":2}}},"fnMap":{"0":{"name":"cartItems","decl":{"start":{"line":7,"column":9},"end":{"line":7,"column":18}},"loc":{"start":{"line":7,"column":49},"end":{"line":55,"column":1}},"line":7},"1":{"name":"(anonymous_1)","decl":{"start":{"line":19,"column":34},"end":{"line":19,"column":35}},"loc":{"start":{"line":19,"column":42},"end":{"line":19,"column":63}},"line":19},"2":{"name":"(anonymous_2)","decl":{"start":{"line":29,"column":31},"end":{"line":29,"column":32}},"loc":{"start":{"line":29,"column":39},"end":{"line":36,"column":9}},"line":29},"3":{"name":"(anonymous_3)","decl":{"start":{"line":42,"column":31},"end":{"line":42,"column":32}},"loc":{"start":{"line":42,"column":39},"end":{"line":49,"column":9}},"line":42}},"branchMap":{"0":{"loc":{"start":{"line":7,"column":19},"end":{"line":7,"column":39}},"type":"default-arg","locations":[{"start":{"line":7,"column":27},"end":{"line":7,"column":39}}],"line":7},"1":{"loc":{"start":{"line":8,"column":2},"end":{"line":54,"column":3}},"type":"switch","locations":[{"start":{"line":9,"column":2},"end":{"line":15,"column":7}},{"start":{"line":16,"column":2},"end":{"line":21,"column":7}},{"start":{"line":22,"column":2},"end":{"line":25,"column":7}},{"start":{"line":26,"column":2},"end":{"line":38,"column":7}},{"start":{"line":39,"column":2},"end":{"line":51,"column":7}},{"start":{"line":52,"column":2},"end":{"line":53,"column":17}}],"line":8},"2":{"loc":{"start":{"line":30,"column":10},"end":{"line":34,"column":11}},"type":"if","locations":[{"start":{"line":30,"column":10},"end":{"line":34,"column":11}},{"start":{"line":30,"column":10},"end":{"line":34,"column":11}}],"line":30},"3":{"loc":{"start":{"line":43,"column":10},"end":{"line":47,"column":11}},"type":"if","locations":[{"start":{"line":43,"column":10},"end":{"line":47,"column":11}},{"start":{"line":43,"column":10},"end":{"line":47,"column":11}}],"line":43}},"s":{"0":1,"1":3,"2":0,"3":0,"4":0,"5":0,"6":0,"7":0,"8":0,"9":0,"10":0,"11":0,"12":0,"13":0,"14":3,"15":1},"f":{"0":3,"1":0,"2":0,"3":0},"b":{"0":[3],"1":[0,0,0,0,0,3],"2":[0,0],"3":[0,0]},"_coverageSchema":"1a1c01bbd47fc00a2c39e90264f33305004495a9","hash":"915cf0327f936d56b9511657d7747174bb959394"}
,"/Users/hunterevanoff/projects/fe-code-challenge/src/redux/store.js": {"path":"/Users/hunterevanoff/projects/fe-code-challenge/src/redux/store.js","statementMap":{"0":{"start":{"line":4,"column":14},"end":{"line":4,"column":37}}},"fnMap":{},"branchMap":{},"s":{"0":1},"f":{},"b":{},"_coverageSchema":"1a1c01bbd47fc00a2c39e90264f33305004495a9","hash":"cbfd3145b5eca03d2980f4a97abfd0f9adb914d6"}
}
