{"/Users/hunterevanoff/projects/fe-code-challenge/src/js/utilities/general.js": {"path":"/Users/hunterevanoff/projects/fe-code-challenge/src/js/utilities/general.js","statementMap":{"0":{"start":{"line":1,"column":18},"end":{"line":1,"column":85}},"1":{"start":{"line":1,"column":36},"end":{"line":1,"column":85}},"2":{"start":{"line":3,"column":15},"end":{"line":5,"column":15}},"3":{"start":{"line":3,"column":21},"end":{"line":5,"column":15}}},"fnMap":{"0":{"name":"(anonymous_0)","decl":{"start":{"line":1,"column":18},"end":{"line":1,"column":19}},"loc":{"start":{"line":1,"column":36},"end":{"line":1,"column":85}},"line":1},"1":{"name":"(anonymous_1)","decl":{"start":{"line":3,"column":15},"end":{"line":3,"column":16}},"loc":{"start":{"line":3,"column":21},"end":{"line":5,"column":15}},"line":3}},"branchMap":{"0":{"loc":{"start":{"line":1,"column":24},"end":{"line":1,"column":31}},"type":"default-arg","locations":[{"start":{"line":1,"column":30},"end":{"line":1,"column":31}}],"line":1}},"s":{"0":1,"1":2,"2":1,"3":1},"f":{"0":2,"1":1},"b":{"0":[1]},"_coverageSchema":"1a1c01bbd47fc00a2c39e90264f33305004495a9","hash":"0102342e49afe1644acefb5d175b74e0b5beb67f"}
}
