TN:
SF:api/apiConstants.js
FN:29,(anonymous_0)
FN:43,(anonymous_1)
FNF:2
FNH:2
FNDA:8,(anonymous_0)
FNDA:5,(anonymous_1)
DA:1,1
DA:7,1
DA:17,1
DA:24,1
DA:28,1
DA:29,1
DA:30,8
DA:32,1
DA:42,1
DA:43,5
DA:44,1
DA:45,1
DA:47,1
LF:13
LH:13
BRF:0
BRH:0
end_of_record
TN:
SF:src/assets/Flower.jsx
FN:3,Flower
FNF:1
FNH:1
FNDA:18,Flower
DA:4,18
LF:1
LH:1
BRF:0
BRH:0
end_of_record
TN:
SF:src/assets/ShoppingCart.jsx
FN:3,ShoppingCart
FNF:1
FNH:1
FNDA:18,ShoppingCart
DA:4,18
LF:1
LH:1
BRF:0
BRH:0
end_of_record
TN:
SF:src/js/components/categoryHeader.js
FN:5,(anonymous_0)
FNF:1
FNH:1
FNDA:1,(anonymous_0)
DA:5,1
DA:7,1
DA:16,1
LF:3
LH:3
BRF:0
BRH:0
end_of_record
TN:
SF:src/js/components/filter.js
FN:6,(anonymous_0)
FN:12,(anonymous_1)
FN:16,(anonymous_2)
FN:21,(anonymous_3)
FN:29,(anonymous_4)
FN:31,(anonymous_5)
FN:39,(anonymous_6)
FN:41,(anonymous_7)
FN:44,(anonymous_8)
FN:46,(anonymous_9)
FNF:10
FNH:10
FNDA:29,(anonymous_0)
FNDA:10,(anonymous_1)
FNDA:2,(anonymous_2)
FNDA:2,(anonymous_3)
FNDA:16,(anonymous_4)
FNDA:16,(anonymous_5)
FNDA:1,(anonymous_6)
FNDA:9,(anonymous_7)
FNDA:153,(anonymous_8)
FNDA:2,(anonymous_9)
DA:6,1
DA:8,29
DA:9,29
DA:10,29
DA:12,29
DA:13,10
DA:16,29
DA:17,2
DA:18,2
DA:21,29
DA:22,2
DA:23,2
DA:24,2
DA:29,29
DA:30,16
DA:31,16
DA:34,29
DA:39,1
DA:41,9
DA:45,153
DA:46,2
DA:60,1
LF:22
LH:22
BRDA:22,0,0,2
BRDA:22,0,1,0
BRDA:23,1,0,2
BRDA:23,1,1,0
BRDA:23,2,0,2
BRDA:23,2,1,2
BRDA:38,3,0,9
BRDA:38,3,1,20
BRDA:43,4,0,9
BRDA:43,4,1,20
BRF:10
BRH:8
end_of_record
TN:
SF:src/js/components/header.js
FN:9,(anonymous_0)
FN:14,(anonymous_1)
FN:16,(anonymous_2)
FNF:3
FNH:3
FNDA:18,(anonymous_0)
FNDA:18,(anonymous_1)
FNDA:35,(anonymous_2)
DA:9,1
DA:10,18
DA:11,18
DA:14,1
DA:16,35
DA:18,18
DA:40,1
LF:7
LH:7
BRDA:31,0,0,17
BRDA:31,0,1,1
BRF:2
BRH:2
end_of_record
TN:
SF:src/js/utilities/general.js
FN:1,(anonymous_0)
FN:3,(anonymous_1)
FNF:2
FNH:2
FNDA:2,(anonymous_0)
FNDA:1,(anonymous_1)
DA:1,2
DA:3,1
LF:2
LH:2
BRDA:1,0,0,1
BRF:1
BRH:1
end_of_record
TN:
SF:src/redux/actions.js
FN:7,addCartItem
FN:11,removeCartItem
FN:15,setCart
FN:19,addItemQuantity
FN:23,subtractItemQuantity
FNF:5
FNH:5
FNDA:1,addCartItem
FNDA:1,removeCartItem
FNDA:14,setCart
FNDA:1,addItemQuantity
FNDA:1,subtractItemQuantity
DA:1,1
DA:2,1
DA:3,1
DA:4,1
DA:5,1
DA:8,1
DA:12,1
DA:16,14
DA:20,1
DA:24,1
LF:10
LH:10
BRF:0
BRH:0
end_of_record
TN:
SF:src/redux/reducers.js
FN:7,cartItems
FN:19,(anonymous_1)
FN:29,(anonymous_2)
FN:42,(anonymous_3)
FNF:4
FNH:4
FNDA:21,cartItems
FNDA:2,(anonymous_1)
FNDA:2,(anonymous_2)
FNDA:2,(anonymous_3)
DA:5,1
DA:8,21
DA:10,1
DA:17,1
DA:19,2
DA:23,14
DA:27,1
DA:30,2
DA:31,1
DA:35,1
DA:40,1
DA:43,2
DA:44,1
DA:48,1
DA:53,3
DA:57,1
LF:16
LH:16
BRDA:7,0,0,3
BRDA:8,1,0,1
BRDA:8,1,1,1
BRDA:8,1,2,14
BRDA:8,1,3,1
BRDA:8,1,4,1
BRDA:8,1,5,3
BRDA:30,2,0,1
BRDA:30,2,1,1
BRDA:43,3,0,1
BRDA:43,3,1,1
BRF:11
BRH:11
end_of_record
TN:
SF:src/redux/store.js
FNF:0
FNH:0
DA:4,1
LF:1
LH:1
BRF:0
BRH:0
end_of_record
