TN:
SF:api/apiConstants.js
FN:29,(anonymous_0)
FN:43,(anonymous_1)
FNF:2
FNH:2
FNDA:8,(anonymous_0)
FNDA:5,(anonymous_1)
DA:1,1
DA:7,1
DA:17,1
DA:24,1
DA:28,1
DA:29,1
DA:30,8
DA:32,1
DA:42,1
DA:43,5
DA:44,1
DA:45,1
DA:47,1
LF:13
LH:13
BRF:0
BRH:0
end_of_record
TN:
SF:src/assets/Flower.jsx
FN:3,Flower
FNF:1
FNH:1
FNDA:6,Flower
DA:4,6
LF:1
LH:1
BRF:0
BRH:0
end_of_record
TN:
SF:src/assets/ShoppingCart.jsx
FN:3,ShoppingCart
FNF:1
FNH:1
FNDA:6,ShoppingCart
DA:4,6
LF:1
LH:1
BRF:0
BRH:0
end_of_record
TN:
SF:src/js/components/categoryHeader.js
FN:5,(anonymous_0)
FNF:1
FNH:1
FNDA:1,(anonymous_0)
DA:5,1
DA:7,1
DA:16,1
LF:3
LH:3
BRF:0
BRH:0
end_of_record
TN:
SF:src/js/components/filter.js
FN:6,(anonymous_0)
FN:11,(anonymous_1)
FN:15,(anonymous_2)
FN:20,(anonymous_3)
FN:28,(anonymous_4)
FN:30,(anonymous_5)
FN:37,(anonymous_6)
FN:39,(anonymous_7)
FN:41,(anonymous_8)
FNF:9
FNH:8
FNDA:12,(anonymous_0)
FNDA:5,(anonymous_1)
FNDA:2,(anonymous_2)
FNDA:0,(anonymous_3)
FNDA:10,(anonymous_4)
FNDA:10,(anonymous_5)
FNDA:5,(anonymous_6)
FNDA:85,(anonymous_7)
FNDA:2,(anonymous_8)
DA:6,1
DA:8,12
DA:9,12
DA:11,12
DA:12,5
DA:15,12
DA:16,2
DA:17,2
DA:20,12
DA:21,0
DA:22,0
DA:23,0
DA:28,12
DA:29,10
DA:30,10
DA:33,12
DA:37,5
DA:40,85
DA:41,2
DA:55,1
LF:20
LH:17
BRDA:21,0,0,0
BRDA:21,0,1,0
BRDA:22,1,0,0
BRDA:22,1,1,0
BRDA:38,2,0,5
BRDA:38,2,1,7
BRF:6
BRH:2
end_of_record
TN:
SF:src/js/components/header.js
FN:9,(anonymous_0)
FN:14,(anonymous_1)
FN:16,(anonymous_2)
FNF:3
FNH:2
FNDA:6,(anonymous_0)
FNDA:6,(anonymous_1)
FNDA:0,(anonymous_2)
DA:9,1
DA:10,6
DA:11,6
DA:14,1
DA:16,6
DA:18,6
DA:40,1
LF:7
LH:7
BRDA:31,0,0,0
BRDA:31,0,1,6
BRF:2
BRH:1
end_of_record
TN:
SF:src/js/utilities/general.js
FN:1,(anonymous_0)
FN:3,(anonymous_1)
FNF:2
FNH:2
FNDA:2,(anonymous_0)
FNDA:1,(anonymous_1)
DA:1,2
DA:3,1
LF:2
LH:2
BRDA:1,0,0,1
BRF:1
BRH:1
end_of_record
TN:
SF:src/redux/actions.js
FN:7,addCartItem
FN:11,removeCartItem
FN:15,setCart
FN:19,addItemQuantity
FN:23,subtractItemQuantity
FNF:5
FNH:0
FNDA:0,addCartItem
FNDA:0,removeCartItem
FNDA:0,setCart
FNDA:0,addItemQuantity
FNDA:0,subtractItemQuantity
DA:1,1
DA:2,1
DA:3,1
DA:4,1
DA:5,1
DA:8,0
DA:12,0
DA:16,0
DA:20,0
DA:24,0
LF:10
LH:5
BRF:0
BRH:0
end_of_record
TN:
SF:src/redux/reducers.js
FN:7,cartItems
FN:19,(anonymous_1)
FN:29,(anonymous_2)
FN:42,(anonymous_3)
FNF:4
FNH:1
FNDA:3,cartItems
FNDA:0,(anonymous_1)
FNDA:0,(anonymous_2)
FNDA:0,(anonymous_3)
DA:5,1
DA:8,3
DA:10,0
DA:17,0
DA:19,0
DA:23,0
DA:27,0
DA:30,0
DA:31,0
DA:35,0
DA:40,0
DA:43,0
DA:44,0
DA:48,0
DA:53,3
DA:57,1
LF:16
LH:4
BRDA:7,0,0,3
BRDA:8,1,0,0
BRDA:8,1,1,0
BRDA:8,1,2,0
BRDA:8,1,3,0
BRDA:8,1,4,0
BRDA:8,1,5,3
BRDA:30,2,0,0
BRDA:30,2,1,0
BRDA:43,3,0,0
BRDA:43,3,1,0
BRF:11
BRH:2
end_of_record
TN:
SF:src/redux/store.js
FNF:0
FNH:0
DA:4,1
LF:1
LH:1
BRF:0
BRH:0
end_of_record
